Traceback (most recent call last):
  File "/opt/hostedtoolcache/Python/3.9.18/x64/lib/python3.9/site-packages/jupyter_cache/executors/utils.py", line 58, in single_nb_execution
    executenb(
  File "/opt/hostedtoolcache/Python/3.9.18/x64/lib/python3.9/site-packages/nbclient/client.py", line 1305, in execute
    return NotebookClient(nb=nb, resources=resources, km=km, **kwargs).execute()
  File "/opt/hostedtoolcache/Python/3.9.18/x64/lib/python3.9/site-packages/jupyter_core/utils/__init__.py", line 173, in wrapped
    return loop.run_until_complete(inner)
  File "/opt/hostedtoolcache/Python/3.9.18/x64/lib/python3.9/asyncio/base_events.py", line 647, in run_until_complete
    return future.result()
  File "/opt/hostedtoolcache/Python/3.9.18/x64/lib/python3.9/site-packages/nbclient/client.py", line 705, in async_execute
    await self.async_execute_cell(
  File "/opt/hostedtoolcache/Python/3.9.18/x64/lib/python3.9/site-packages/nbclient/client.py", line 1058, in async_execute_cell
    await self._check_raise_for_error(cell, cell_index, exec_reply)
  File "/opt/hostedtoolcache/Python/3.9.18/x64/lib/python3.9/site-packages/nbclient/client.py", line 914, in _check_raise_for_error
    raise CellExecutionError.from_cell_and_msg(cell, exec_reply_content)
nbclient.exceptions.CellExecutionError: An error occurred while executing the following cell:
------------------
from pymc.sampling_jax import get_jaxified_logp

rvs = [rv.name for rv in model.value_vars]
logdensity_fn = get_jaxified_logp(model)
------------------

----- stderr -----
/opt/hostedtoolcache/Python/3.9.18/x64/lib/python3.9/site-packages/tqdm/auto.py:21: TqdmWarning: IProgress not found. Please update jupyter and ipywidgets. See https://ipywidgets.readthedocs.io/en/stable/user_install.html
  from .autonotebook import tqdm as notebook_tqdm
------------------

[0;31m---------------------------------------------------------------------------[0m
[0;31mTypeError[0m                                 Traceback (most recent call last)
Cell [0;32mIn[4], line 1[0m
[0;32m----> 1[0m [38;5;28;01mfrom[39;00m [38;5;21;01mpymc[39;00m[38;5;21;01m.[39;00m[38;5;21;01msampling_jax[39;00m [38;5;28;01mimport[39;00m get_jaxified_logp
[1;32m      3[0m rvs [38;5;241m=[39m [rv[38;5;241m.[39mname [38;5;28;01mfor[39;00m rv [38;5;129;01min[39;00m model[38;5;241m.[39mvalue_vars]
[1;32m      4[0m logdensity_fn [38;5;241m=[39m get_jaxified_logp(model)

File [0;32m/opt/hostedtoolcache/Python/3.9.18/x64/lib/python3.9/site-packages/pymc/sampling_jax.py:22[0m
[1;32m     19[0m [38;5;28;01mimport[39;00m [38;5;21;01mwarnings[39;00m
[1;32m     21[0m warnings[38;5;241m.[39mwarn([38;5;124m"[39m[38;5;124mThis module is deprecated, use pymc.sampling.jax[39m[38;5;124m"[39m, [38;5;167;01mDeprecationWarning[39;00m)
[0;32m---> 22[0m [38;5;28;01mfrom[39;00m [38;5;21;01mpymc[39;00m[38;5;21;01m.[39;00m[38;5;21;01msampling[39;00m[38;5;21;01m.[39;00m[38;5;21;01mjax[39;00m [38;5;28;01mimport[39;00m [38;5;241m*[39m

File [0;32m/opt/hostedtoolcache/Python/3.9.18/x64/lib/python3.9/site-packages/pymc/sampling/jax.py:185[0m
[1;32m    178[0m [38;5;28;01mdef[39;00m [38;5;21m_device_put[39m([38;5;28minput[39m, device: [38;5;28mstr[39m):
[1;32m    179[0m     [38;5;28;01mreturn[39;00m jax[38;5;241m.[39mdevice_put([38;5;28minput[39m, jax[38;5;241m.[39mdevices(device)[[38;5;241m0[39m])
[1;32m    182[0m [38;5;28;01mdef[39;00m [38;5;21m_postprocess_samples[39m(
[1;32m    183[0m     jax_fn: Callable,
[1;32m    184[0m     raw_mcmc_samples: List[TensorVariable],
[0;32m--> 185[0m     postprocessing_backend: [43mLiteral[49m[43m[[49m[38;5;124;43m"[39;49m[38;5;124;43mcpu[39;49m[38;5;124;43m"[39;49m[43m,[49m[43m [49m[38;5;124;43m"[39;49m[38;5;124;43mgpu[39;49m[38;5;124;43m"[39;49m[43m][49m[43m [49m[38;5;241;43m|[39;49m[43m [49m[38;5;28;43;01mNone[39;49;00m [38;5;241m=[39m [38;5;28;01mNone[39;00m,
[1;32m    186[0m     postprocessing_vectorize: Literal[[38;5;124m"[39m[38;5;124mvmap[39m[38;5;124m"[39m, [38;5;124m"[39m[38;5;124mscan[39m[38;5;124m"[39m] [38;5;241m=[39m [38;5;124m"[39m[38;5;124mscan[39m[38;5;124m"[39m,
[1;32m    187[0m ) [38;5;241m-[39m[38;5;241m>[39m List[TensorVariable]:
[1;32m    188[0m     [38;5;28;01mif[39;00m postprocessing_vectorize [38;5;241m==[39m [38;5;124m"[39m[38;5;124mscan[39m[38;5;124m"[39m:
[1;32m    189[0m         t_raw_mcmc_samples [38;5;241m=[39m [jnp[38;5;241m.[39mswapaxes(t, [38;5;241m0[39m, [38;5;241m1[39m) [38;5;28;01mfor[39;00m t [38;5;129;01min[39;00m raw_mcmc_samples]

[0;31mTypeError[0m: unsupported operand type(s) for |: '_LiteralGenericAlias' and 'NoneType'

