Traceback (most recent call last):
  File "/opt/hostedtoolcache/Python/3.12.13/x64/lib/python3.12/site-packages/jupyter_cache/executors/utils.py", line 58, in single_nb_execution
    executenb(
  File "/opt/hostedtoolcache/Python/3.12.13/x64/lib/python3.12/site-packages/nbclient/client.py", line 1323, in execute
    return NotebookClient(nb=nb, resources=resources, km=km, **kwargs).execute()
           ^^^^^^^^^^^^^^^^^^^^^^^^^^^^^^^^^^^^^^^^^^^^^^^^^^^^^^^^^^^^^^^^^^^^^
  File "/opt/hostedtoolcache/Python/3.12.13/x64/lib/python3.12/site-packages/jupyter_core/utils/__init__.py", line 165, in wrapped
    return loop.run_until_complete(inner)
           ^^^^^^^^^^^^^^^^^^^^^^^^^^^^^^
  File "/opt/hostedtoolcache/Python/3.12.13/x64/lib/python3.12/asyncio/base_events.py", line 691, in run_until_complete
    return future.result()
           ^^^^^^^^^^^^^^^
  File "/opt/hostedtoolcache/Python/3.12.13/x64/lib/python3.12/site-packages/nbclient/client.py", line 709, in async_execute
    await self.async_execute_cell(
  File "/opt/hostedtoolcache/Python/3.12.13/x64/lib/python3.12/site-packages/nbclient/client.py", line 1062, in async_execute_cell
    await self._check_raise_for_error(cell, cell_index, exec_reply)
  File "/opt/hostedtoolcache/Python/3.12.13/x64/lib/python3.12/site-packages/nbclient/client.py", line 918, in _check_raise_for_error
    raise CellExecutionError.from_cell_and_msg(cell, exec_reply_content)
nbclient.exceptions.CellExecutionError: An error occurred while executing the following cell:
------------------
import numpyro
import numpyro.distributions as dist
from numpyro.infer.reparam import TransformReparam


def eight_schools_noncentered(J, sigma, y=None):
    mu = numpyro.sample("mu", dist.Normal(0, 5))
    tau = numpyro.sample("tau", dist.HalfCauchy(5))
    with numpyro.plate("J", J):
        with numpyro.handlers.reparam(config={"theta": TransformReparam()}):
            theta = numpyro.sample(
                "theta",
                dist.TransformedDistribution(
                    dist.Normal(0.0, 1.0), dist.transforms.AffineTransform(mu, tau)
                ),
            )
        numpyro.sample("obs", dist.Normal(theta, sigma), obs=y)
------------------

----- stderr -----
/opt/hostedtoolcache/Python/3.12.13/x64/lib/python3.12/site-packages/tqdm/auto.py:21: TqdmWarning: IProgress not found. Please update jupyter and ipywidgets. See https://ipywidgets.readthedocs.io/en/stable/user_install.html
  from .autonotebook import tqdm as notebook_tqdm
------------------

[31m---------------------------------------------------------------------------[39m
[31mImportError[39m                               Traceback (most recent call last)
[36mCell[39m[36m [39m[32mIn[3][39m[32m, line 1[39m
[32m----> [39m[32m1[39m [38;5;28;01mimport[39;00m numpyro
[32m      2[39m [38;5;28;01mimport[39;00m numpyro.distributions [38;5;28;01mas[39;00m dist
[32m      3[39m [38;5;28;01mfrom[39;00m numpyro.infer.reparam [38;5;28;01mimport[39;00m TransformReparam
[32m      4[39m 

[36mFile [39m[32m/opt/hostedtoolcache/Python/3.12.13/x64/lib/python3.12/site-packages/numpyro/__init__.py:13[39m
[32m      7[39m warnings.filterwarnings(
[32m      8[39m     [33m"[39m[33mignore[39m[33m"[39m, message=[33m"[39m[33m.*Attempting to hash a tracer.*[39m[33m"[39m, category=[38;5;167;01mFutureWarning[39;00m
[32m      9[39m )
[32m     11[39m [38;5;66;03m# ruff: noqa: E402[39;00m
[32m---> [39m[32m13[39m [38;5;28;01mfrom[39;00m[38;5;250m [39m[34;01mnumpyro[39;00m[38;5;250m [39m[38;5;28;01mimport[39;00m compat, diagnostics, distributions, handlers, infer, ops, optim
[32m     14[39m [38;5;28;01mfrom[39;00m[38;5;250m [39m[34;01mnumpyro[39;00m[34;01m.[39;00m[34;01mdistributions[39;00m[34;01m.[39;00m[34;01mdistribution[39;00m[38;5;250m [39m[38;5;28;01mimport[39;00m enable_validation, validation_enabled
[32m     15[39m [38;5;28;01mfrom[39;00m[38;5;250m [39m[34;01mnumpyro[39;00m[34;01m.[39;00m[34;01minfer[39;00m[34;01m.[39;00m[34;01minspect[39;00m[38;5;250m [39m[38;5;28;01mimport[39;00m render_model

[36mFile [39m[32m/opt/hostedtoolcache/Python/3.12.13/x64/lib/python3.12/site-packages/numpyro/infer/__init__.py:6[39m
[32m      1[39m [38;5;66;03m# Copyright Contributors to the Pyro project.[39;00m
[32m      2[39m [38;5;66;03m# SPDX-License-Identifier: Apache-2.0[39;00m
[32m      5[39m [38;5;28;01mfrom[39;00m[38;5;250m [39m[34;01mnumpyro[39;00m[34;01m.[39;00m[34;01minfer[39;00m[34;01m.[39;00m[34;01mbarker[39;00m[38;5;250m [39m[38;5;28;01mimport[39;00m BarkerMH
[32m----> [39m[32m6[39m [38;5;28;01mfrom[39;00m[38;5;250m [39m[34;01mnumpyro[39;00m[34;01m.[39;00m[34;01minfer[39;00m[34;01m.[39;00m[34;01melbo[39;00m[38;5;250m [39m[38;5;28;01mimport[39;00m (
[32m      7[39m     ELBO,
[32m      8[39m     RenyiELBO,
[32m      9[39m     Trace_ELBO,
[32m     10[39m     TraceEnum_ELBO,
[32m     11[39m     TraceGraph_ELBO,
[32m     12[39m     TraceMeanField_ELBO,
[32m     13[39m )
[32m     14[39m [38;5;28;01mfrom[39;00m[38;5;250m [39m[34;01mnumpyro[39;00m[34;01m.[39;00m[34;01minfer[39;00m[34;01m.[39;00m[34;01mensemble[39;00m[38;5;250m [39m[38;5;28;01mimport[39;00m AIES, ESS
[32m     15[39m [38;5;28;01mfrom[39;00m[38;5;250m [39m[34;01mnumpyro[39;00m[34;01m.[39;00m[34;01minfer[39;00m[34;01m.[39;00m[34;01mhmc[39;00m[38;5;250m [39m[38;5;28;01mimport[39;00m HMC, NUTS

[36mFile [39m[32m/opt/hostedtoolcache/Python/3.12.13/x64/lib/python3.12/site-packages/numpyro/infer/elbo.py:35[39m
[32m     22[39m [38;5;28;01mfrom[39;00m[38;5;250m [39m[34;01mnumpyro[39;00m[34;01m.[39;00m[34;01mhandlers[39;00m[38;5;250m [39m[38;5;28;01mimport[39;00m (
[32m     23[39m     CondIndepStackFrame,
[32m     24[39m     replay,
[32m   (...)[39m[32m     27[39m     trace,
[32m     28[39m )
[32m     29[39m [38;5;28;01mfrom[39;00m[38;5;250m [39m[34;01mnumpyro[39;00m[34;01m.[39;00m[34;01minfer[39;00m[34;01m.[39;00m[34;01mutil[39;00m[38;5;250m [39m[38;5;28;01mimport[39;00m (
[32m     30[39m     _without_rsample_stop_gradient,
[32m     31[39m     compute_log_probs,
[32m     32[39m     get_importance_trace,
[32m     33[39m     is_identically_one,
[32m     34[39m )
[32m---> [39m[32m35[39m [38;5;28;01mfrom[39;00m[38;5;250m [39m[34;01mnumpyro[39;00m[34;01m.[39;00m[34;01mops[39;00m[34;01m.[39;00m[34;01mprovenance[39;00m[38;5;250m [39m[38;5;28;01mimport[39;00m eval_provenance
[32m     36[39m [38;5;28;01mfrom[39;00m[38;5;250m [39m[34;01mnumpyro[39;00m[34;01m.[39;00m[34;01mutil[39;00m[38;5;250m [39m[38;5;28;01mimport[39;00m _validate_model, check_model_guide_match, find_stack_level
[32m     38[39m [38;5;28;01mif[39;00m TYPE_CHECKING:

[36mFile [39m[32m/opt/hostedtoolcache/Python/3.12.13/x64/lib/python3.12/site-packages/numpyro/ops/provenance.py:7[39m
[32m      5[39m [38;5;28;01mfrom[39;00m[38;5;250m [39m[34;01mjax[39;00m[34;01m.[39;00m[34;01mapi_util[39;00m[38;5;250m [39m[38;5;28;01mimport[39;00m debug_info, flatten_fun, shaped_abstractify
[32m      6[39m [38;5;28;01mfrom[39;00m[38;5;250m [39m[34;01mjax[39;00m[34;01m.[39;00m[34;01mextend[39;00m[34;01m.[39;00m[34;01mcore[39;00m[38;5;250m [39m[38;5;28;01mimport[39;00m Literal
[32m----> [39m[32m7[39m [38;5;28;01mfrom[39;00m[38;5;250m [39m[34;01mjax[39;00m[34;01m.[39;00m[34;01mextend[39;00m[34;01m.[39;00m[34;01mcore[39;00m[34;01m.[39;00m[34;01mprimitives[39;00m[38;5;250m [39m[38;5;28;01mimport[39;00m call_p, closed_call_p, jit_p, xla_pmap_p
[32m      8[39m [38;5;28;01mimport[39;00m[38;5;250m [39m[34;01mjax[39;00m[34;01m.[39;00m[34;01mextend[39;00m[34;01m.[39;00m[34;01mlinear_util[39;00m[38;5;250m [39m[38;5;28;01mas[39;00m[38;5;250m [39m[34;01mlu[39;00m
[32m      9[39m [38;5;28;01mfrom[39;00m[38;5;250m [39m[34;01mjax[39;00m[34;01m.[39;00m[34;01minterpreters[39;00m[34;01m.[39;00m[34;01mpartial_eval[39;00m[38;5;250m [39m[38;5;28;01mimport[39;00m trace_to_jaxpr_dynamic

[31mImportError[39m: cannot import name 'xla_pmap_p' from 'jax.extend.core.primitives' (/opt/hostedtoolcache/Python/3.12.13/x64/lib/python3.12/site-packages/jax/extend/core/primitives.py)

