Traceback (most recent call last):
  File "/opt/hostedtoolcache/Python/3.9.13/x64/lib/python3.9/site-packages/jupyter_cache/executors/utils.py", line 58, in single_nb_execution
    executenb(
  File "/opt/hostedtoolcache/Python/3.9.13/x64/lib/python3.9/site-packages/nbclient/client.py", line 1204, in execute
    return NotebookClient(nb=nb, resources=resources, km=km, **kwargs).execute()
  File "/opt/hostedtoolcache/Python/3.9.13/x64/lib/python3.9/site-packages/nbclient/util.py", line 84, in wrapped
    return just_run(coro(*args, **kwargs))
  File "/opt/hostedtoolcache/Python/3.9.13/x64/lib/python3.9/site-packages/nbclient/util.py", line 62, in just_run
    return loop.run_until_complete(coro)
  File "/opt/hostedtoolcache/Python/3.9.13/x64/lib/python3.9/asyncio/base_events.py", line 647, in run_until_complete
    return future.result()
  File "/opt/hostedtoolcache/Python/3.9.13/x64/lib/python3.9/site-packages/nbclient/client.py", line 663, in async_execute
    await self.async_execute_cell(
  File "/opt/hostedtoolcache/Python/3.9.13/x64/lib/python3.9/site-packages/nbclient/client.py", line 965, in async_execute_cell
    await self._check_raise_for_error(cell, cell_index, exec_reply)
  File "/opt/hostedtoolcache/Python/3.9.13/x64/lib/python3.9/site-packages/nbclient/client.py", line 862, in _check_raise_for_error
    raise CellExecutionError.from_cell_and_msg(cell, exec_reply_content)
nbclient.exceptions.CellExecutionError: An error occurred while executing the following cell:
------------------
fig, ax = plt.subplots(1, 3, figsize=(12, 2))
for i, axi in enumerate(ax):
    axi.plot(states.position[:, i])
    axi.set_title(f"$w_{i}$")
    axi.axvline(x=burnin, c="tab:red")
plt.show()
------------------

[0;31m---------------------------------------------------------------------------[0m
[0;31mNameError[0m                                 Traceback (most recent call last)
Cell [0;32mIn [9], line 5[0m
[1;32m      3[0m     axi[38;5;241m.[39mplot(states[38;5;241m.[39mposition[:, i])
[1;32m      4[0m     axi[38;5;241m.[39mset_title([38;5;124mf[39m[38;5;124m"[39m[38;5;124m$w_[39m[38;5;132;01m{[39;00mi[38;5;132;01m}[39;00m[38;5;124m$[39m[38;5;124m"[39m)
[0;32m----> 5[0m     axi[38;5;241m.[39maxvline(x[38;5;241m=[39m[43mburnin[49m, c[38;5;241m=[39m[38;5;124m"[39m[38;5;124mtab:red[39m[38;5;124m"[39m)
[1;32m      6[0m plt[38;5;241m.[39mshow()

[0;31mNameError[0m: name 'burnin' is not defined
NameError: name 'burnin' is not defined

