Traceback (most recent call last):
  File "/opt/hostedtoolcache/Python/3.9.13/x64/lib/python3.9/site-packages/jupyter_cache/executors/utils.py", line 58, in single_nb_execution
    executenb(
  File "/opt/hostedtoolcache/Python/3.9.13/x64/lib/python3.9/site-packages/nbclient/client.py", line 1204, in execute
    return NotebookClient(nb=nb, resources=resources, km=km, **kwargs).execute()
  File "/opt/hostedtoolcache/Python/3.9.13/x64/lib/python3.9/site-packages/nbclient/util.py", line 84, in wrapped
    return just_run(coro(*args, **kwargs))
  File "/opt/hostedtoolcache/Python/3.9.13/x64/lib/python3.9/site-packages/nbclient/util.py", line 62, in just_run
    return loop.run_until_complete(coro)
  File "/opt/hostedtoolcache/Python/3.9.13/x64/lib/python3.9/asyncio/base_events.py", line 647, in run_until_complete
    return future.result()
  File "/opt/hostedtoolcache/Python/3.9.13/x64/lib/python3.9/site-packages/nbclient/client.py", line 663, in async_execute
    await self.async_execute_cell(
  File "/opt/hostedtoolcache/Python/3.9.13/x64/lib/python3.9/site-packages/nbclient/client.py", line 965, in async_execute_cell
    await self._check_raise_for_error(cell, cell_index, exec_reply)
  File "/opt/hostedtoolcache/Python/3.9.13/x64/lib/python3.9/site-packages/nbclient/client.py", line 862, in _check_raise_for_error
    raise CellExecutionError.from_cell_and_msg(cell, exec_reply_content)
nbclient.exceptions.CellExecutionError: An error occurred while executing the following cell:
------------------
import jax
import numpy as np
import numpyro
import numpyro.distributions as dist
from numpyro.infer.reparam import TransformReparam
from numpyro.infer.util import initialize_model

import blackjax
------------------

[0;31m---------------------------------------------------------------------------[0m
[0;31mModuleNotFoundError[0m                       Traceback (most recent call last)
Cell [0;32mIn [1], line 3[0m
[1;32m      1[0m [38;5;28;01mimport[39;00m [38;5;21;01mjax[39;00m
[1;32m      2[0m [38;5;28;01mimport[39;00m [38;5;21;01mnumpy[39;00m [38;5;28;01mas[39;00m [38;5;21;01mnp[39;00m
[0;32m----> 3[0m [38;5;28;01mimport[39;00m [38;5;21;01mnumpyro[39;00m
[1;32m      4[0m [38;5;28;01mimport[39;00m [38;5;21;01mnumpyro[39;00m[38;5;21;01m.[39;00m[38;5;21;01mdistributions[39;00m [38;5;28;01mas[39;00m [38;5;21;01mdist[39;00m
[1;32m      5[0m [38;5;28;01mfrom[39;00m [38;5;21;01mnumpyro[39;00m[38;5;21;01m.[39;00m[38;5;21;01minfer[39;00m[38;5;21;01m.[39;00m[38;5;21;01mreparam[39;00m [38;5;28;01mimport[39;00m TransformReparam

[0;31mModuleNotFoundError[0m: No module named 'numpyro'
ModuleNotFoundError: No module named 'numpyro'

